xrun(64): 25.03-s006: (c) Copyright 1995-2025 Cadence Design Systems, Inc.
TOOL:	xrun(64)	25.03-s006: Started on Dec 23, 2025 at 16:25:53 EET
xrun
	-64
	-sv
	-uvm
	-timescale 1ns/1ps
	-f compile.f
		+incdir+../dut
		+incdir+../tb
		../rtl/rtl_defines.sv
		../rtl/rtl_pdef.sv
		../rtl/rtl_def.sv
		../rtl/rtl_lib.sv
		../rtl/Bit_Manipulation_Unit.sv
		../tb/env/agent/sequencer/transaction.sv
		../tb/env/agent/sequencer/dut_sequencer.sv
		../tb/env/agent/monitor/dut_monitor.sv
		../tb/env/agent/driver/dut_driver.sv
		../tb/env/agent/dut_agent.sv
		../tb/env/scoreboard/dut_scoreboard.sv
		../tb/env/dut_env.sv
		../tb/sequences/bmu_base_seq.sv
		../tb/tests/bmu_smoke_test.sv
		../tb/interface/Bit_Manipulation_intf.sv
		../tb/top_tb.sv
	-top bmu_tb_top
	-access +rwc
	+incdir+tb/pkg
	+incdir+tb/interface
	+incdir+rtl
	-lwdgen
	-classlinedebug
	-enable_tpe
	-ext_src_info
	-ext_macro_src_info
	+UVM_USE_COLOR

   User defined plus("+") options:
	+UVM_USE_COLOR

Recompiling... reason: file '../tb/env/scoreboard/dut_scoreboard.sv' is newer than expected.
	expected: Tue Dec 23 16:19:52 2025
	actual:   Tue Dec 23 16:25:51 2025
Compiling UVM packages (uvm_pkg.sv cdns_uvm_pkg.sv) using uvmhome location /usr/cadence/installs/XCELIUM2503/tools/methodology/UVM/CDNS-1.1d
xmvlog: *W,NOTIND: unable to access -INCDIR ../dut (No such file or directory).
xmvlog: *W,NOTIND: unable to access -INCDIR tb/pkg (No such file or directory).
xmvlog: *W,NOTIND: unable to access -INCDIR tb/interface (No such file or directory).
xmvlog: *W,NOTIND: unable to access -INCDIR rtl (No such file or directory).
file: ../rtl/Bit_Manipulation_Unit.sv
  #(`include "../rtl/library/rtl_param.vh")
           |
xmvlog: *W,NOINUF (../rtl/Bit_Manipulation_Unit.sv,3|11): `include directive not isolated on its own line [16.5(IEEE)].
  #(`include "../rtl/library/rtl_param.vh")
                                         |
xmvlog: *W,NOINUF (../rtl/Bit_Manipulation_Unit.sv,3|41): `include directive not isolated on its own line [16.5(IEEE)].
file: ../tb/env/scoreboard/dut_scoreboard.sv
file: ../tb/top_tb.sv
        print_topology("in_t.dut_error" , $sformatf("%h", exp_error) ,  $sformatf("%h", in_t.dut_error) ,0);
                     |
xmvlog: *W,BADTIF (../tb/env/scoreboard/dut_scoreboard.sv,130|21): a function cannot enable a task [10.3.4(IEEE)].
        print_topology("in_t.dut_error" , $sformatf("%h", exp_error) ,  $sformatf("%h", in_t.dut_error) ,1);
                     |
xmvlog: *W,BADTIF (../tb/env/scoreboard/dut_scoreboard.sv,133|21): a function cannot enable a task [10.3.4(IEEE)].
        print_topology("in_t.dut_result" , $sformatf("%h", exp_result) ,  $sformatf("%h", in_t.dut_result) ,1);
                     |
xmvlog: *W,BADTIF (../tb/env/scoreboard/dut_scoreboard.sv,139|21): a function cannot enable a task [10.3.4(IEEE)].
        print_topology("in_t.dut_result" , $sformatf("%h", exp_result) ,  $sformatf("%h", in_t.dut_result) ,0);
                     |
xmvlog: *W,BADTIF (../tb/env/scoreboard/dut_scoreboard.sv,145|21): a function cannot enable a task [10.3.4(IEEE)].
xmvlog: *W,SPDUSD: Include directory ../tb given but not used.
	Total errors/warnings found outside modules and primitives:
		errors: 0, warnings: 9
	Elaborating the design hierarchy:
		Caching library 'worklib' ....... Done
	Top level design units:
		uvm_pkg
		rtl_pkg
		cdns_uvmapi
		cdns_assert2uvm_pkg
		cdns_uvm_pkg
		$unit_0x1db996ce
		bmu_tb_top
        print_topology("in_t.dut_error" , $sformatf("%h", exp_error) ,  $sformatf("%h", in_t.dut_error) ,0);
                     |
xmelab: *W,NOTVFW (../tb/env/scoreboard/dut_scoreboard.sv,130|21): Expecting a SystemVerilog void function name. The task 'print_topology' should be made a void function, not a task. Currently this is treated as a warning for backward compatibility but be aware that calling a task in this context is illegal SystemVerilog and can give unpredictable results. Further, this condition may be treated as an error in the future.
        print_topology("in_t.dut_error" , $sformatf("%h", exp_error) ,  $sformatf("%h", in_t.dut_error) ,1);
                     |
xmelab: *W,NOTVFW (../tb/env/scoreboard/dut_scoreboard.sv,133|21): Expecting a SystemVerilog void function name. The task 'print_topology' should be made a void function, not a task. Currently this is treated as a warning for backward compatibility but be aware that calling a task in this context is illegal SystemVerilog and can give unpredictable results. Further, this condition may be treated as an error in the future.
        print_topology("in_t.dut_result" , $sformatf("%h", exp_result) ,  $sformatf("%h", in_t.dut_result) ,1);
                     |
xmelab: *W,NOTVFW (../tb/env/scoreboard/dut_scoreboard.sv,139|21): Expecting a SystemVerilog void function name. The task 'print_topology' should be made a void function, not a task. Currently this is treated as a warning for backward compatibility but be aware that calling a task in this context is illegal SystemVerilog and can give unpredictable results. Further, this condition may be treated as an error in the future.
        print_topology("in_t.dut_result" , $sformatf("%h", exp_result) ,  $sformatf("%h", in_t.dut_result) ,0);
                     |
xmelab: *W,NOTVFW (../tb/env/scoreboard/dut_scoreboard.sv,145|21): Expecting a SystemVerilog void function name. The task 'print_topology' should be made a void function, not a task. Currently this is treated as a warning for backward compatibility but be aware that calling a task in this context is illegal SystemVerilog and can give unpredictable results. Further, this condition may be treated as an error in the future.
	Building instance overlay tables: .................... Done
	Generating native compiled code:
		worklib.rvbradder:sv <0x143042a6>
			streams:   4, words:  1647
		worklib.rvdff:sv <0x5e68c39f>
			streams:   3, words:   818
		worklib.rvdffs:sv <0x71d39b6e>
			streams:   2, words:   603
		worklib.rvdffe:sv <0x01c3a8ec>
			streams:   1, words:   375
		worklib.rvdff:sv <0x2149cf59>
			streams:   3, words:   868
		worklib.rvdffs:sv <0x5d26f585>
			streams:   2, words:   635
		worklib.rvdffpcie:sv <0x2e10d479>
			streams:   1, words:   393
		worklib.Bit_Manipulation_Unit:sv <0x01eec674>
			streams:  56, words: 32658
		worklib.Bit_Manipulation_intf:sv <0x4f5bdcf9>
			streams: 664, words: 1161417
	Building instance specific data structures.
	Loading native compiled code:     .................... Done
	Design hierarchy summary:
		                        Instances  Unique
		Modules:                        9       7
		Interfaces:                     1       1
		Verilog packages:               5       5
		Registers:                 14,082  10,315
		Scalar wires:                  58       -
		Expanded wires:                62       3
		Vectored wires:                52       -
		Named events:                   4      12
		Always blocks:                  5       4
		Initial blocks:               285     157
		Clocking blocks:                2       2
		Clocking items:                18      18
		Parallel blocks:               26      27
		Cont. assignments:             50     103
		Pseudo assignments:            24       -
		Assertions:                     2       2
		Compilation units:              1       1
		SV Class declarations:        198     312
		SV Class specializations:     381     381
		Process Clocks:                 2       1
		Simulation timescale:         1ps
	Writing initial simulation snapshot: worklib.bmu_tb_top:sv
	Parallel LWD Data Generation
	Generating Debug Data:
		LWD Database path: (/home/ntayeh/naser/training/project/lujain/BitManipulationUnit_DV/sim/xcelium.d/worklib/bmu_tb_top/sv/debug_db/bmu_tb_top)
		Power Aware Instances:                    0
		Liberty Instances:                        0
		Out Of Module References:               185
		Assertions:                               2
		Liberty Information:
			PG Pins:	                  0
			Liberty Pins:	                  0
Loading snapshot worklib.bmu_tb_top:sv .................... Done
SVSEED default: 1
xcelium> source /usr/cadence/installs/XCELIUM2503/tools/xcelium/files/xmsimrc
xcelium> source /usr/cadence/installs/XCELIUM2503/tools/methodology/UVM/CDNS-1.1d/additions/sv/files/tcl/uvm_sim.tcl
xcelium> run
----------------------------------------------------------------
CDNS-UVM-1.1d (25.03-s006)
(C) 2007-2013 Mentor Graphics Corporation
(C) 2007-2013 Cadence Design Systems, Inc.
(C) 2006-2013 Synopsys, Inc.
(C) 2011-2013 Cypress Semiconductor Corp.
----------------------------------------------------------------

  ***********       IMPORTANT RELEASE NOTES         ************

  You are using a version of the UVM library that has been compiled
  with `UVM_NO_DEPRECATED undefined.
  See http://www.eda.org/svdb/view.php?id=3313 for more details.

  You are using a version of the UVM library that has been compiled
  with `UVM_OBJECT_MUST_HAVE_CONSTRUCTOR undefined.
  See http://www.eda.org/svdb/view.php?id=3770 for more details.

      (Specify +UVM_NO_RELNOTES to turn off this notice)

UVM_INFO @ 0: reporter [RNTST] Running test bmu_smoke_test...
UVM_INFO @ 0: reporter [RNTST] Running test ...
UVM_WARNING ../tb/env/scoreboard/dut_scoreboard.sv(46) @ 5000: uvm_test_top.m_env.m_scoreboard [SCB_WRITE] Default write() called; expected write_in/write_out dispatch.
UVM_INFO ../tb/env/scoreboard/dut_scoreboard.sv(110) @ 5000: uvm_test_top.m_env.m_scoreboard [inside try_check function] 
UVM_INFO ../tb/env/scoreboard/dut_scoreboard.sv(114) @ 5000: uvm_test_top.m_env.m_scoreboard [inside while loop] 
UVM_ERROR ../tb/env/scoreboard/dut_scoreboard.sv(93) @ 5000: uvm_test_top.m_env.m_scoreboard [dut_scoreboard] X------------TEST FAILED------------X
UVM_INFO ../tb/env/scoreboard/dut_scoreboard.sv(94) @ 5000: uvm_test_top.m_env.m_scoreboard [dut_scoreboard] |------      in_t.dut_error
UVM_INFO ../tb/env/scoreboard/dut_scoreboard.sv(95) @ 5000: uvm_test_top.m_env.m_scoreboard [dut_scoreboard] |*************************************
UVM_INFO ../tb/env/scoreboard/dut_scoreboard.sv(96) @ 5000: uvm_test_top.m_env.m_scoreboard [dut_scoreboard] | in_t.dut_error_actual = 0
UVM_INFO ../tb/env/scoreboard/dut_scoreboard.sv(97) @ 5000: uvm_test_top.m_env.m_scoreboard [dut_scoreboard] | in_t.dut_error_expected = 1
UVM_INFO ../tb/env/scoreboard/dut_scoreboard.sv(98) @ 5000: uvm_test_top.m_env.m_scoreboard [dut_scoreboard] |*************************************
UVM_INFO ../tb/env/scoreboard/dut_scoreboard.sv(99) @ 5000: uvm_test_top.m_env.m_scoreboard [dut_scoreboard] *-----------------------------------*
UVM_INFO ../tb/env/agent/driver/dut_driver.sv(35) @ 5000: uvm_test_top.m_env.m_agent.m_driver [DRV] Driving transaction: BMU_TXN: op=0 valid=1 csr_ren=0 a=0xd5b8671f b=0x73d6f7f8 expect_error=0
UVM_WARNING ../tb/env/scoreboard/dut_scoreboard.sv(46) @ 15000: uvm_test_top.m_env.m_scoreboard [SCB_WRITE] Default write() called; expected write_in/write_out dispatch.
UVM_INFO ../tb/env/scoreboard/dut_scoreboard.sv(110) @ 15000: uvm_test_top.m_env.m_scoreboard [inside try_check function] 
UVM_INFO ../tb/env/scoreboard/dut_scoreboard.sv(114) @ 15000: uvm_test_top.m_env.m_scoreboard [inside while loop] 
UVM_ERROR ../tb/env/scoreboard/dut_scoreboard.sv(93) @ 15000: uvm_test_top.m_env.m_scoreboard [dut_scoreboard] X------------TEST FAILED------------X
UVM_INFO ../tb/env/scoreboard/dut_scoreboard.sv(94) @ 15000: uvm_test_top.m_env.m_scoreboard [dut_scoreboard] |------      in_t.dut_error
UVM_INFO ../tb/env/scoreboard/dut_scoreboard.sv(95) @ 15000: uvm_test_top.m_env.m_scoreboard [dut_scoreboard] |*************************************
UVM_INFO ../tb/env/scoreboard/dut_scoreboard.sv(96) @ 15000: uvm_test_top.m_env.m_scoreboard [dut_scoreboard] | in_t.dut_error_actual = 0
UVM_INFO ../tb/env/scoreboard/dut_scoreboard.sv(97) @ 15000: uvm_test_top.m_env.m_scoreboard [dut_scoreboard] | in_t.dut_error_expected = 1
UVM_INFO ../tb/env/scoreboard/dut_scoreboard.sv(98) @ 15000: uvm_test_top.m_env.m_scoreboard [dut_scoreboard] |*************************************
UVM_INFO ../tb/env/scoreboard/dut_scoreboard.sv(99) @ 15000: uvm_test_top.m_env.m_scoreboard [dut_scoreboard] *-----------------------------------*
UVM_WARNING ../tb/env/scoreboard/dut_scoreboard.sv(46) @ 25000: uvm_test_top.m_env.m_scoreboard [SCB_WRITE] Default write() called; expected write_in/write_out dispatch.
UVM_INFO ../tb/env/scoreboard/dut_scoreboard.sv(110) @ 25000: uvm_test_top.m_env.m_scoreboard [inside try_check function] 
UVM_INFO ../tb/env/scoreboard/dut_scoreboard.sv(114) @ 25000: uvm_test_top.m_env.m_scoreboard [inside while loop] 
UVM_ERROR ../tb/env/scoreboard/dut_scoreboard.sv(93) @ 25000: uvm_test_top.m_env.m_scoreboard [dut_scoreboard] X------------TEST FAILED------------X
UVM_INFO ../tb/env/scoreboard/dut_scoreboard.sv(94) @ 25000: uvm_test_top.m_env.m_scoreboard [dut_scoreboard] |------      in_t.dut_error
UVM_INFO ../tb/env/scoreboard/dut_scoreboard.sv(95) @ 25000: uvm_test_top.m_env.m_scoreboard [dut_scoreboard] |*************************************
UVM_INFO ../tb/env/scoreboard/dut_scoreboard.sv(96) @ 25000: uvm_test_top.m_env.m_scoreboard [dut_scoreboard] | in_t.dut_error_actual = 0
UVM_INFO ../tb/env/scoreboard/dut_scoreboard.sv(97) @ 25000: uvm_test_top.m_env.m_scoreboard [dut_scoreboard] | in_t.dut_error_expected = 1
UVM_INFO ../tb/env/scoreboard/dut_scoreboard.sv(98) @ 25000: uvm_test_top.m_env.m_scoreboard [dut_scoreboard] |*************************************
UVM_INFO ../tb/env/scoreboard/dut_scoreboard.sv(99) @ 25000: uvm_test_top.m_env.m_scoreboard [dut_scoreboard] *-----------------------------------*
UVM_INFO ../tb/sequences/bmu_base_seq.sv(52) @ 25000: uvm_test_top.m_env.m_agent.m_sequencer@@seq [BMU_BASE_SEQ] One BMU transaction executed
UVM_INFO /usr/cadence/installs/XCELIUM2503/tools/methodology/UVM/CDNS-1.1d/sv/src/base/uvm_objection.svh(1268) @ 25000: reporter [TEST_DONE] 'run' phase is ready to proceed to the 'extract' phase
UVM_INFO ../tb/env/scoreboard/dut_scoreboard.sv(293) @ 25000: uvm_test_top.m_env.m_scoreboard [SCB_SUMMARY] Inputs=3 Outputs=0 Checked=3 Mismatches=3 InQ=0 OutQ=0

--- UVM Report catcher Summary ---


Number of demoted UVM_FATAL reports  :    0
Number of demoted UVM_ERROR reports  :    0
Number of demoted UVM_WARNING reports:    0
Number of caught UVM_FATAL reports   :    0
Number of caught UVM_ERROR reports   :    0
Number of caught UVM_WARNING reports :    0

--- UVM Report Summary ---

** Report counts by severity
UVM_INFO :   30
UVM_WARNING :    3
UVM_ERROR :    3
UVM_FATAL :    0
** Report counts by id
[BMU_BASE_SEQ]     1
[DRV]     1
[RNTST]     2
[SCB_SUMMARY]     1
[SCB_WRITE]     3
[TEST_DONE]     1
[dut_scoreboard]    21
[inside try_check function]     3
[inside while loop]     3
Simulation complete via $finish(1) at time 25 NS + 50
/usr/cadence/installs/XCELIUM2503/tools/methodology/UVM/CDNS-1.1d/sv/src/base/uvm_root.svh:457     $finish;
xcelium> exit
TOOL:	xrun(64)	25.03-s006: Exiting on Dec 23, 2025 at 16:25:55 EET  (total: 00:00:02)
